<?xml version="1.0" encoding="UTF-8"?>
<coverage generated="1636360240098" clover="3.2.0">
  <project timestamp="1636360240098" name="All files">
    <metrics statements="23" coveredstatements="23" conditionals="12" coveredconditionals="12" methods="3" coveredmethods="3" elements="38" coveredelements="38" complexity="0" loc="23" ncloc="23" packages="1" files="2" classes="2"/>
    <file name="exercise1.js" path="C:\Users\38097\Desktop\Web-UI-CLUB_Unit-tests-jest\exercise1.js">
      <metrics statements="13" coveredstatements="13" conditionals="8" coveredconditionals="8" methods="2" coveredmethods="2"/>
      <line num="7" count="1" type="stmt"/>
      <line num="8" count="3" type="stmt"/>
      <line num="9" count="3" type="stmt"/>
      <line num="10" count="18" type="cond" truecount="4" falsecount="0"/>
      <line num="11" count="3" type="stmt"/>
      <line num="14" count="3" type="stmt"/>
      <line num="17" count="1" type="stmt"/>
      <line num="18" count="2" type="stmt"/>
      <line num="19" count="2" type="stmt"/>
      <line num="20" count="12" type="cond" truecount="4" falsecount="0"/>
      <line num="21" count="2" type="stmt"/>
      <line num="24" count="2" type="stmt"/>
      <line num="30" count="1" type="stmt"/>
    </file>
    <file name="exercise2.js" path="C:\Users\38097\Desktop\Web-UI-CLUB_Unit-tests-jest\exercise2.js">
      <metrics statements="10" coveredstatements="10" conditionals="4" coveredconditionals="4" methods="1" coveredmethods="1"/>
      <line num="11" count="1" type="stmt"/>
      <line num="12" count="2" type="stmt"/>
      <line num="13" count="2" type="stmt"/>
      <line num="14" count="2" type="stmt"/>
      <line num="17" count="2" type="stmt"/>
      <line num="18" count="14" type="stmt"/>
      <line num="19" count="98" type="cond" truecount="4" falsecount="0"/>
      <line num="21" count="2" type="stmt"/>
      <line num="26" count="2" type="stmt"/>
      <line num="30" count="1" type="stmt"/>
    </file>
  </project>
</coverage>
