{"C:\\Users\\38097\\Desktop\\test\\exercise1.js": {"path":"C:\\Users\\38097\\Desktop\\test\\exercise1.js","statementMap":{"0":{"start":{"line":7,"column":21},"end":{"line":15,"column":1}},"1":{"start":{"line":8,"column":15},"end":{"line":8,"column":16}},"2":{"start":{"line":9,"column":5},"end":{"line":13,"column":6}},"3":{"start":{"line":9,"column":18},"end":{"line":9,"column":19}},"4":{"start":{"line":10,"column":10},"end":{"line":12,"column":11}},"5":{"start":{"line":11,"column":15},"end":{"line":11,"column":29}},"6":{"start":{"line":14,"column":5},"end":{"line":14,"column":16}},"7":{"start":{"line":17,"column":24},"end":{"line":25,"column":1}},"8":{"start":{"line":18,"column":18},"end":{"line":18,"column":19}},"9":{"start":{"line":19,"column":5},"end":{"line":23,"column":6}},"10":{"start":{"line":19,"column":18},"end":{"line":19,"column":19}},"11":{"start":{"line":20,"column":10},"end":{"line":22,"column":11}},"12":{"start":{"line":21,"column":15},"end":{"line":21,"column":27}},"13":{"start":{"line":24,"column":5},"end":{"line":24,"column":19}},"14":{"start":{"line":30,"column":0},"end":{"line":30,"column":49}}},"fnMap":{"0":{"name":"(anonymous_0)","decl":{"start":{"line":7,"column":21},"end":{"line":7,"column":22}},"loc":{"start":{"line":7,"column":30},"end":{"line":15,"column":1}},"line":7},"1":{"name":"(anonymous_1)","decl":{"start":{"line":17,"column":24},"end":{"line":17,"column":25}},"loc":{"start":{"line":17,"column":33},"end":{"line":25,"column":1}},"line":17}},"branchMap":{"0":{"loc":{"start":{"line":10,"column":10},"end":{"line":12,"column":11}},"type":"if","locations":[{"start":{"line":10,"column":10},"end":{"line":12,"column":11}},{"start":{},"end":{}}],"line":10},"1":{"loc":{"start":{"line":10,"column":14},"end":{"line":10,"column":50}},"type":"binary-expr","locations":[{"start":{"line":10,"column":14},"end":{"line":10,"column":30}},{"start":{"line":10,"column":34},"end":{"line":10,"column":50}}],"line":10},"2":{"loc":{"start":{"line":20,"column":10},"end":{"line":22,"column":11}},"type":"if","locations":[{"start":{"line":20,"column":10},"end":{"line":22,"column":11}},{"start":{},"end":{}}],"line":20},"3":{"loc":{"start":{"line":20,"column":14},"end":{"line":20,"column":50}},"type":"binary-expr","locations":[{"start":{"line":20,"column":14},"end":{"line":20,"column":30}},{"start":{"line":20,"column":34},"end":{"line":20,"column":50}}],"line":20}},"s":{"0":1,"1":3,"2":3,"3":3,"4":18,"5":3,"6":3,"7":1,"8":2,"9":2,"10":2,"11":12,"12":2,"13":2,"14":1},"f":{"0":3,"1":2},"b":{"0":[3,15],"1":[18,6],"2":[2,10],"3":[12,4]},"_coverageSchema":"1a1c01bbd47fc00a2c39e90264f33305004495a9","hash":"0ecb6d94fa4f2fc5fce29355f3e6747aa9627884"}
,"C:\\Users\\38097\\Desktop\\test\\exercise2.js": {"path":"C:\\Users\\38097\\Desktop\\test\\exercise2.js","statementMap":{"0":{"start":{"line":18,"column":21},"end":{"line":34,"column":1}},"1":{"start":{"line":20,"column":14},"end":{"line":20,"column":16}},"2":{"start":{"line":23,"column":4},"end":{"line":31,"column":5}},"3":{"start":{"line":23,"column":17},"end":{"line":23,"column":28}},"4":{"start":{"line":24,"column":8},"end":{"line":30,"column":9}},"5":{"start":{"line":24,"column":21},"end":{"line":24,"column":22}},"6":{"start":{"line":25,"column":12},"end":{"line":29,"column":13}},"7":{"start":{"line":27,"column":16},"end":{"line":27,"column":45}},"8":{"start":{"line":32,"column":4},"end":{"line":32,"column":15}},"9":{"start":{"line":36,"column":0},"end":{"line":36,"column":30}}},"fnMap":{"0":{"name":"(anonymous_0)","decl":{"start":{"line":18,"column":21},"end":{"line":18,"column":22}},"loc":{"start":{"line":18,"column":48},"end":{"line":34,"column":1}},"line":18}},"branchMap":{"0":{"loc":{"start":{"line":25,"column":12},"end":{"line":29,"column":13}},"type":"if","locations":[{"start":{"line":25,"column":12},"end":{"line":29,"column":13}},{"start":{},"end":{}}],"line":25},"1":{"loc":{"start":{"line":25,"column":16},"end":{"line":25,"column":79}},"type":"binary-expr","locations":[{"start":{"line":25,"column":16},"end":{"line":25,"column":34}},{"start":{"line":25,"column":38},"end":{"line":25,"column":79}}],"line":25}},"s":{"0":1,"1":2,"2":2,"3":2,"4":14,"5":14,"6":98,"7":2,"8":2,"9":1},"f":{"0":2},"b":{"0":[2,96],"1":[98,54]},"_coverageSchema":"1a1c01bbd47fc00a2c39e90264f33305004495a9","hash":"6874f87f518f531a0dffab93738bf0e29176526c"}
}
