TN:
SF:exercise1.js
FN:7,(anonymous_0)
FN:17,(anonymous_1)
FNF:2
FNH:2
FNDA:3,(anonymous_0)
FNDA:2,(anonymous_1)
DA:7,1
DA:8,3
DA:9,3
DA:10,18
DA:11,3
DA:14,3
DA:17,1
DA:18,2
DA:19,2
DA:20,12
DA:21,2
DA:24,2
DA:30,1
LF:13
LH:13
BRDA:10,0,0,3
BRDA:10,0,1,15
BRDA:10,1,0,18
BRDA:10,1,1,6
BRDA:20,2,0,2
BRDA:20,2,1,10
BRDA:20,3,0,12
BRDA:20,3,1,4
BRF:8
BRH:8
end_of_record
TN:
SF:exercise2.js
FN:11,(anonymous_0)
FNF:1
FNH:1
FNDA:2,(anonymous_0)
DA:11,1
DA:12,2
DA:13,2
DA:14,2
DA:17,2
DA:18,14
DA:19,98
DA:21,2
DA:26,2
DA:30,1
LF:10
LH:10
BRDA:19,0,0,2
BRDA:19,0,1,96
BRDA:19,1,0,98
BRDA:19,1,1,54
BRF:4
BRH:4
end_of_record
